<?xml version="1.0" encoding="UTF-8"?>
<!-- Generated by org.testng.reporters.JUnitReportReporter -->
<testsuite hostname="manikandan-ravi-Yoga-7-16IRL8" failures="0" tests="1" name="runner.TestRunnerCucumberReport" time="7.076" errors="0" timestamp="2024-01-25T23:35:43 EST" skipped="0">
  <testcase classname="runner.TestRunnerCucumberReport" name="testParallel" time="7.076"/>
</testsuite> <!-- runner.TestRunnerCucumberReport -->
